2024-05-28 03:10:16 [-][-][-][error][yii\db\Exception] PDOException: SQLSTATE[HY000] [2002] No such file or directory in /var/www/backend/vendor/yiisoft/yii2/db/Connection.php:722
Stack trace:
#0 /var/www/backend/vendor/yiisoft/yii2/db/Connection.php(722): PDO->__construct('mysql:host=loca...', 'root', Object(SensitiveParameterValue), NULL)
#1 /var/www/backend/vendor/yiisoft/yii2/db/Connection.php(637): yii\db\Connection->createPdoInstance()
#2 /var/www/backend/vendor/yiisoft/yii2/db/Connection.php(1067): yii\db\Connection->open()
#3 /var/www/backend/vendor/yiisoft/yii2/db/Connection.php(1054): yii\db\Connection->getMasterPdo()
#4 /var/www/backend/vendor/yiisoft/yii2/db/Command.php(261): yii\db\Connection->getSlavePdo(true)
#5 /var/www/backend/vendor/yiisoft/yii2/db/Command.php(1181): yii\db\Command->prepare(true)
#6 /var/www/backend/vendor/yiisoft/yii2/db/Command.php(417): yii\db\Command->queryInternal('fetchAll', NULL)
#7 /var/www/backend/vendor/yiisoft/yii2/db/mysql/Schema.php(328): yii\db\Command->queryAll()
#8 /var/www/backend/vendor/yiisoft/yii2/db/mysql/Schema.php(133): yii\db\mysql\Schema->findColumns(Object(yii\db\TableSchema))
#9 /var/www/backend/vendor/yiisoft/yii2/db/Schema.php(756): yii\db\mysql\Schema->loadTableSchema('migration')
#10 /var/www/backend/vendor/yiisoft/yii2/db/Schema.php(192): yii\db\Schema->getTableMetadata('{{%migration}}', 'schema', true)
#11 /var/www/backend/vendor/yiisoft/yii2/console/controllers/MigrateController.php(211): yii\db\Schema->getTableSchema('{{%migration}}', true)
#12 /var/www/backend/vendor/yiisoft/yii2/console/controllers/BaseMigrateController.php(908): yii\console\controllers\MigrateController->getMigrationHistory(NULL)
#13 /var/www/backend/vendor/yiisoft/yii2/console/controllers/BaseMigrateController.php(183): yii\console\controllers\BaseMigrateController->getNewMigrations()
#14 [internal function]: yii\console\controllers\BaseMigrateController->actionUp(0)
#15 /var/www/backend/vendor/yiisoft/yii2/base/InlineAction.php(57): call_user_func_array(Array, Array)
#16 /var/www/backend/vendor/yiisoft/yii2/base/Controller.php(178): yii\base\InlineAction->runWithParams(Array)
#17 /var/www/backend/vendor/yiisoft/yii2/console/Controller.php(180): yii\base\Controller->runAction('', Array)
#18 /var/www/backend/vendor/yiisoft/yii2/base/Module.php(552): yii\console\Controller->runAction('', Array)
#19 /var/www/backend/vendor/yiisoft/yii2/console/Application.php(180): yii\base\Module->runAction('migrate', Array)
#20 /var/www/backend/vendor/yiisoft/yii2/console/Application.php(147): yii\console\Application->runAction('migrate', Array)
#21 /var/www/backend/vendor/yiisoft/yii2/base/Application.php(384): yii\console\Application->handleRequest(Object(yii\console\Request))
#22 /var/www/backend/yii(20): yii\base\Application->run()
#23 {main}

Next yii\db\Exception: SQLSTATE[HY000] [2002] No such file or directory in /var/www/backend/vendor/yiisoft/yii2/db/Connection.php:648
Stack trace:
#0 /var/www/backend/vendor/yiisoft/yii2/db/Connection.php(1067): yii\db\Connection->open()
#1 /var/www/backend/vendor/yiisoft/yii2/db/Connection.php(1054): yii\db\Connection->getMasterPdo()
#2 /var/www/backend/vendor/yiisoft/yii2/db/Command.php(261): yii\db\Connection->getSlavePdo(true)
#3 /var/www/backend/vendor/yiisoft/yii2/db/Command.php(1181): yii\db\Command->prepare(true)
#4 /var/www/backend/vendor/yiisoft/yii2/db/Command.php(417): yii\db\Command->queryInternal('fetchAll', NULL)
#5 /var/www/backend/vendor/yiisoft/yii2/db/mysql/Schema.php(328): yii\db\Command->queryAll()
#6 /var/www/backend/vendor/yiisoft/yii2/db/mysql/Schema.php(133): yii\db\mysql\Schema->findColumns(Object(yii\db\TableSchema))
#7 /var/www/backend/vendor/yiisoft/yii2/db/Schema.php(756): yii\db\mysql\Schema->loadTableSchema('migration')
#8 /var/www/backend/vendor/yiisoft/yii2/db/Schema.php(192): yii\db\Schema->getTableMetadata('{{%migration}}', 'schema', true)
#9 /var/www/backend/vendor/yiisoft/yii2/console/controllers/MigrateController.php(211): yii\db\Schema->getTableSchema('{{%migration}}', true)
#10 /var/www/backend/vendor/yiisoft/yii2/console/controllers/BaseMigrateController.php(908): yii\console\controllers\MigrateController->getMigrationHistory(NULL)
#11 /var/www/backend/vendor/yiisoft/yii2/console/controllers/BaseMigrateController.php(183): yii\console\controllers\BaseMigrateController->getNewMigrations()
#12 [internal function]: yii\console\controllers\BaseMigrateController->actionUp(0)
#13 /var/www/backend/vendor/yiisoft/yii2/base/InlineAction.php(57): call_user_func_array(Array, Array)
#14 /var/www/backend/vendor/yiisoft/yii2/base/Controller.php(178): yii\base\InlineAction->runWithParams(Array)
#15 /var/www/backend/vendor/yiisoft/yii2/console/Controller.php(180): yii\base\Controller->runAction('', Array)
#16 /var/www/backend/vendor/yiisoft/yii2/base/Module.php(552): yii\console\Controller->runAction('', Array)
#17 /var/www/backend/vendor/yiisoft/yii2/console/Application.php(180): yii\base\Module->runAction('migrate', Array)
#18 /var/www/backend/vendor/yiisoft/yii2/console/Application.php(147): yii\console\Application->runAction('migrate', Array)
#19 /var/www/backend/vendor/yiisoft/yii2/base/Application.php(384): yii\console\Application->handleRequest(Object(yii\console\Request))
#20 /var/www/backend/yii(20): yii\base\Application->run()
#21 {main}
Additional Information:
Array
(
    [0] => HY000
    [1] => 2002
    [2] => No such file or directory
)

2024-05-28 03:10:16 [-][-][-][info][application] $_GET = []

$_POST = []

$_FILES = []

$_COOKIE = []

$_SERVER = [
    'SHELL' => '/bin/bash'
    'COLORTERM' => 'truecolor'
    'TERM_PROGRAM_VERSION' => '1.88.0'
    'CHARSET' => 'UTF-8'
    'HOSTNAME' => '1fdd6f998681'
    'SSH_AUTH_SOCK' => '/tmp/vscode-ssh-auth-dc3afab9-1452-44cd-bab4-5d2bf014f7dd.sock'
    'REMOTE_CONTAINERS_IPC' => '/tmp/vscode-remote-containers-ipc-dc3afab9-1452-44cd-bab4-5d2bf014f7dd.sock'
    'PWD' => '/var/www/backend'
    'VSCODE_GIT_ASKPASS_NODE' => '/vscode/vscode-server/bin/linux-alpine/5c3e652f63e798a5ac2f31ffd0d863669328dc4c/node'
    'HOME' => '/home/vscode'
    'LANG' => 'C.UTF-8'
    'REMOTE_CONTAINERS' => 'true'
    'WAYLAND_DISPLAY' => 'vscode-wayland-4f063207-b8e3-49d3-b9d8-3811e6156cff.sock'
    'GIT_ASKPASS' => '/vscode/vscode-server/bin/linux-alpine/5c3e652f63e798a5ac2f31ffd0d863669328dc4c/extensions/git/dist/askpass.sh'
    'VSCODE_GIT_ASKPASS_EXTRA_ARGS' => ''
    'TERM' => 'xterm-256color'
    'REMOTE_CONTAINERS_SOCKETS' => '[\"/tmp/vscode-ssh-auth-dc3afab9-1452-44cd-bab4-5d2bf014f7dd.sock\",\"/tmp/.X11-unix/X0\"]'
    'VSCODE_GIT_IPC_HANDLE' => '/tmp/user/1000/vscode-git-d154d23360.sock'
    'DISPLAY' => ':0'
    'SHLVL' => '3'
    'PAGER' => 'less'
    'XDG_RUNTIME_DIR' => '/tmp/user/1000'
    'VSCODE_GIT_ASKPASS_MAIN' => '/vscode/vscode-server/bin/linux-alpine/5c3e652f63e798a5ac2f31ffd0d863669328dc4c/extensions/git/dist/askpass-main.js'
    'LC_COLLATE' => 'C'
    'BROWSER' => '/vscode/vscode-server/bin/linux-alpine/5c3e652f63e798a5ac2f31ffd0d863669328dc4c/bin/helpers/browser.sh'
    'PATH' => '/vscode/vscode-server/bin/linux-alpine/5c3e652f63e798a5ac2f31ffd0d863669328dc4c/bin/remote-cli:/usr/local/sbin:/usr/local/bin:/usr/sbin:/usr/bin:/sbin:/bin'
    'REMOTE_CONTAINERS_DISPLAY_SOCK' => '/tmp/.X11-unix/X0'
    'TERM_PROGRAM' => 'vscode'
    'VSCODE_IPC_HOOK_CLI' => '/tmp/vscode-ipc-fe2b4aa5-fdd2-4bee-8d61-7260dfec0aca.sock'
    '_' => './yii'
    'OLDPWD' => '/var/www'
    'PHP_SELF' => './yii'
    'SCRIPT_NAME' => './yii'
    'SCRIPT_FILENAME' => './yii'
    'PATH_TRANSLATED' => './yii'
    'DOCUMENT_ROOT' => ''
    'REQUEST_TIME_FLOAT' => 1716865816.0201
    'REQUEST_TIME' => 1716865816
    'argv' => [
        0 => './yii'
        1 => 'migrate'
    ]
    'argc' => 2
]
